2021-12-17 06:36:41,916 INFO [main] h.j.p.Main [Main.java:48] 
-------------------- Application started --------------------

2021-12-17 06:36:41,919 INFO [main] h.j.p.Main [Main.java:59] categories.txt was successfully read
2021-12-17 06:36:41,923 INFO [main] h.j.p.Main [Main.java:70] items.txt was successfully read
2021-12-17 06:36:41,940 INFO [main] h.j.p.Main [Main.java:93] factories.txt was successfully read
2021-12-17 06:36:41,944 INFO [main] h.j.p.Main [Main.java:116] stores.txt was successfully read
2021-12-17 06:39:51,249 INFO [main] h.j.p.Main [Main.java:49] 
-------------------- Application started --------------------

2021-12-17 06:39:51,253 INFO [main] h.j.p.Main [Main.java:60] categories.txt was successfully read
2021-12-17 06:39:51,256 INFO [main] h.j.p.Main [Main.java:71] items.txt was successfully read
2021-12-17 06:39:51,276 INFO [main] h.j.p.Main [Main.java:94] factories.txt was successfully read
2021-12-17 06:39:51,279 INFO [main] h.j.p.Main [Main.java:117] stores.txt was successfully read
2021-12-17 14:31:45,582 INFO [main] h.j.p.Main [Main.java:49] 
-------------------- Application started --------------------

2021-12-17 14:31:45,588 INFO [main] h.j.p.Main [Main.java:60] categories.txt was successfully read
2021-12-17 14:31:45,597 INFO [main] h.j.p.Main [Main.java:71] items.txt was successfully read
2021-12-17 14:31:45,625 INFO [main] h.j.p.Main [Main.java:94] factories.txt was successfully read
2021-12-17 14:31:45,630 INFO [main] h.j.p.Main [Main.java:117] stores.txt was successfully read
2021-12-17 15:26:47,947 INFO [main] h.j.p.Main [Main.java:43] 
-------------------- Application started --------------------

2021-12-17 15:26:47,951 INFO [main] h.j.p.Main [Main.java:54] categories.txt was successfully read
2021-12-17 15:26:47,954 INFO [main] h.j.p.Main [Main.java:65] items.txt was successfully read
2021-12-17 15:26:47,973 INFO [main] h.j.p.Main [Main.java:88] factories.txt was successfully read
2021-12-17 15:26:47,976 INFO [main] h.j.p.Main [Main.java:111] stores.txt was successfully read
2021-12-17 15:32:57,963 INFO [main] h.j.p.Main [Main.java:43] 
-------------------- Application started --------------------

2021-12-17 15:32:57,967 INFO [main] h.j.p.Main [Main.java:54] categories.txt was successfully read
2021-12-17 15:32:57,970 INFO [main] h.j.p.Main [Main.java:65] items.txt was successfully read
2021-12-17 15:32:57,990 INFO [main] h.j.p.Main [Main.java:88] factories.txt was successfully read
2021-12-17 15:32:57,994 INFO [main] h.j.p.Main [Main.java:111] stores.txt was successfully read
2021-12-17 15:33:21,364 INFO [main] h.j.p.Main [Main.java:43] 
-------------------- Application started --------------------

2021-12-17 15:33:21,367 INFO [main] h.j.p.Main [Main.java:54] categories.txt was successfully read
2021-12-17 15:33:21,371 INFO [main] h.j.p.Main [Main.java:65] items.txt was successfully read
2021-12-17 15:33:21,391 INFO [main] h.j.p.Main [Main.java:88] factories.txt was successfully read
2021-12-17 15:33:21,394 INFO [main] h.j.p.Main [Main.java:111] stores.txt was successfully read
2021-12-17 15:39:02,944 INFO [main] h.j.p.Main [Main.java:43] 
-------------------- Application started --------------------

2021-12-17 15:39:02,948 INFO [main] h.j.p.Main [Main.java:54] categories.txt was successfully read
2021-12-17 15:39:02,952 INFO [main] h.j.p.Main [Main.java:65] items.txt was successfully read
2021-12-17 15:39:02,969 INFO [main] h.j.p.Main [Main.java:88] factories.txt was successfully read
2021-12-17 15:39:02,973 INFO [main] h.j.p.Main [Main.java:111] stores.txt was successfully read
2021-12-17 15:54:46,854 INFO [main] h.j.p.Main [Main.java:43] 
-------------------- Application started --------------------

2021-12-17 15:54:46,858 INFO [main] h.j.p.Main [Main.java:54] categories.txt was successfully read
2021-12-17 15:54:46,861 INFO [main] h.j.p.Main [Main.java:65] items.txt was successfully read
2021-12-17 15:54:46,890 INFO [main] h.j.p.Main [Main.java:88] factories.txt was successfully read
2021-12-17 15:54:46,894 INFO [main] h.j.p.Main [Main.java:111] stores.txt was successfully read
2021-12-17 15:56:26,974 INFO [main] h.j.p.Main [Main.java:43] 
-------------------- Application started --------------------

2021-12-17 15:56:26,980 INFO [main] h.j.p.Main [Main.java:54] categories.txt was successfully read
2021-12-17 15:56:26,983 INFO [main] h.j.p.Main [Main.java:65] items.txt was successfully read
2021-12-17 15:56:27,001 INFO [main] h.j.p.Main [Main.java:88] factories.txt was successfully read
2021-12-17 15:56:27,004 INFO [main] h.j.p.Main [Main.java:111] stores.txt was successfully read
2021-12-17 15:59:24,630 INFO [main] h.j.p.Main [Main.java:43] 
-------------------- Application started --------------------

2021-12-17 15:59:24,634 INFO [main] h.j.p.Main [Main.java:54] categories.txt was successfully read
2021-12-17 15:59:24,638 INFO [main] h.j.p.Main [Main.java:65] items.txt was successfully read
2021-12-17 15:59:24,654 INFO [main] h.j.p.Main [Main.java:88] factories.txt was successfully read
2021-12-17 15:59:24,658 INFO [main] h.j.p.Main [Main.java:111] stores.txt was successfully read
2021-12-17 16:00:19,381 INFO [main] h.j.p.Main [Main.java:43] 
-------------------- Application started --------------------

2021-12-17 16:00:19,384 INFO [main] h.j.p.Main [Main.java:54] categories.txt was successfully read
2021-12-17 16:00:19,387 INFO [main] h.j.p.Main [Main.java:65] items.txt was successfully read
2021-12-17 16:00:19,405 INFO [main] h.j.p.Main [Main.java:88] factories.txt was successfully read
2021-12-17 16:00:19,409 INFO [main] h.j.p.Main [Main.java:111] stores.txt was successfully read
2021-12-17 16:00:32,961 INFO [main] h.j.p.Main [Main.java:43] 
-------------------- Application started --------------------

2021-12-17 16:00:32,965 INFO [main] h.j.p.Main [Main.java:54] categories.txt was successfully read
2021-12-17 16:00:32,968 INFO [main] h.j.p.Main [Main.java:65] items.txt was successfully read
2021-12-17 16:00:32,987 INFO [main] h.j.p.Main [Main.java:88] factories.txt was successfully read
2021-12-17 16:00:32,990 INFO [main] h.j.p.Main [Main.java:111] stores.txt was successfully read
2021-12-17 16:01:23,842 INFO [main] h.j.p.Main [Main.java:43] 
-------------------- Application started --------------------

2021-12-17 16:01:23,846 INFO [main] h.j.p.Main [Main.java:54] categories.txt was successfully read
2021-12-17 16:01:23,850 INFO [main] h.j.p.Main [Main.java:65] items.txt was successfully read
2021-12-17 16:01:23,867 INFO [main] h.j.p.Main [Main.java:88] factories.txt was successfully read
2021-12-17 16:01:23,870 INFO [main] h.j.p.Main [Main.java:111] stores.txt was successfully read
2021-12-17 16:01:27,963 INFO [main] h.j.p.Main [Main.java:43] 
-------------------- Application started --------------------

2021-12-17 16:01:27,967 INFO [main] h.j.p.Main [Main.java:54] categories.txt was successfully read
2021-12-17 16:01:27,970 INFO [main] h.j.p.Main [Main.java:65] items.txt was successfully read
2021-12-17 16:01:27,987 INFO [main] h.j.p.Main [Main.java:88] factories.txt was successfully read
2021-12-17 16:01:27,991 INFO [main] h.j.p.Main [Main.java:111] stores.txt was successfully read
2021-12-17 16:04:40,921 INFO [main] h.j.p.Main [Main.java:43] 
-------------------- Application started --------------------

2021-12-17 16:04:40,925 INFO [main] h.j.p.Main [Main.java:54] categories.txt was successfully read
2021-12-17 16:04:40,929 INFO [main] h.j.p.Main [Main.java:65] items.txt was successfully read
2021-12-17 16:04:40,946 INFO [main] h.j.p.Main [Main.java:88] factories.txt was successfully read
2021-12-17 16:04:40,949 INFO [main] h.j.p.Main [Main.java:111] stores.txt was successfully read
2021-12-17 16:04:48,871 INFO [main] h.j.p.Main [Main.java:43] 
-------------------- Application started --------------------

2021-12-17 16:04:48,875 INFO [main] h.j.p.Main [Main.java:54] categories.txt was successfully read
2021-12-17 16:04:48,879 INFO [main] h.j.p.Main [Main.java:65] items.txt was successfully read
2021-12-17 16:04:48,898 INFO [main] h.j.p.Main [Main.java:88] factories.txt was successfully read
2021-12-17 16:04:48,901 INFO [main] h.j.p.Main [Main.java:111] stores.txt was successfully read
2021-12-17 16:08:28,706 INFO [main] h.j.p.Main [Main.java:45] 
-------------------- Application started --------------------

2021-12-17 16:08:28,711 INFO [main] h.j.p.Main [Main.java:56] categories.txt was successfully read
2021-12-17 16:08:28,714 INFO [main] h.j.p.Main [Main.java:67] items.txt was successfully read
2021-12-17 16:08:28,732 INFO [main] h.j.p.Main [Main.java:90] factories.txt was successfully read
2021-12-17 16:08:28,736 INFO [main] h.j.p.Main [Main.java:113] stores.txt was successfully read
2021-12-17 16:10:21,012 INFO [main] h.j.p.Main [Main.java:45] 
-------------------- Application started --------------------

2021-12-17 16:10:21,015 INFO [main] h.j.p.Main [Main.java:56] categories.txt was successfully read
2021-12-17 16:10:21,019 INFO [main] h.j.p.Main [Main.java:67] items.txt was successfully read
2021-12-17 16:10:21,038 INFO [main] h.j.p.Main [Main.java:90] factories.txt was successfully read
2021-12-17 16:10:21,043 INFO [main] h.j.p.Main [Main.java:113] stores.txt was successfully read
2021-12-17 16:10:38,975 INFO [main] h.j.p.Main [Main.java:45] 
-------------------- Application started --------------------

2021-12-17 16:10:38,979 INFO [main] h.j.p.Main [Main.java:56] categories.txt was successfully read
2021-12-17 16:10:38,982 INFO [main] h.j.p.Main [Main.java:67] items.txt was successfully read
2021-12-17 16:10:39,000 INFO [main] h.j.p.Main [Main.java:90] factories.txt was successfully read
2021-12-17 16:10:39,003 INFO [main] h.j.p.Main [Main.java:113] stores.txt was successfully read
2021-12-17 16:11:07,864 INFO [main] h.j.p.Main [Main.java:45] 
-------------------- Application started --------------------

2021-12-17 16:11:07,868 INFO [main] h.j.p.Main [Main.java:56] categories.txt was successfully read
2021-12-17 16:11:07,871 INFO [main] h.j.p.Main [Main.java:67] items.txt was successfully read
2021-12-17 16:11:07,890 INFO [main] h.j.p.Main [Main.java:90] factories.txt was successfully read
2021-12-17 16:11:07,893 INFO [main] h.j.p.Main [Main.java:113] stores.txt was successfully read
2021-12-17 16:11:17,329 INFO [main] h.j.p.Main [Main.java:45] 
-------------------- Application started --------------------

2021-12-17 16:11:17,333 INFO [main] h.j.p.Main [Main.java:56] categories.txt was successfully read
2021-12-17 16:11:17,336 INFO [main] h.j.p.Main [Main.java:67] items.txt was successfully read
2021-12-17 16:11:17,354 INFO [main] h.j.p.Main [Main.java:90] factories.txt was successfully read
2021-12-17 16:11:17,357 INFO [main] h.j.p.Main [Main.java:113] stores.txt was successfully read
2021-12-17 16:11:27,353 INFO [main] h.j.p.Main [Main.java:45] 
-------------------- Application started --------------------

2021-12-17 16:11:27,357 INFO [main] h.j.p.Main [Main.java:56] categories.txt was successfully read
2021-12-17 16:11:27,361 INFO [main] h.j.p.Main [Main.java:67] items.txt was successfully read
2021-12-17 16:11:27,379 INFO [main] h.j.p.Main [Main.java:90] factories.txt was successfully read
2021-12-17 16:11:27,382 INFO [main] h.j.p.Main [Main.java:113] stores.txt was successfully read
2021-12-17 16:11:37,431 INFO [main] h.j.p.Main [Main.java:45] 
-------------------- Application started --------------------

2021-12-17 16:11:37,435 INFO [main] h.j.p.Main [Main.java:56] categories.txt was successfully read
2021-12-17 16:11:37,438 INFO [main] h.j.p.Main [Main.java:67] items.txt was successfully read
2021-12-17 16:11:37,455 INFO [main] h.j.p.Main [Main.java:90] factories.txt was successfully read
2021-12-17 16:11:37,459 INFO [main] h.j.p.Main [Main.java:113] stores.txt was successfully read
2021-12-17 16:11:48,958 INFO [main] h.j.p.Main [Main.java:45] 
-------------------- Application started --------------------

2021-12-17 16:11:48,962 INFO [main] h.j.p.Main [Main.java:56] categories.txt was successfully read
2021-12-17 16:11:48,966 INFO [main] h.j.p.Main [Main.java:67] items.txt was successfully read
2021-12-17 16:11:48,984 INFO [main] h.j.p.Main [Main.java:90] factories.txt was successfully read
2021-12-17 16:11:48,988 INFO [main] h.j.p.Main [Main.java:113] stores.txt was successfully read
2021-12-17 16:12:20,666 INFO [main] h.j.p.Main [Main.java:45] 
-------------------- Application started --------------------

2021-12-17 16:12:20,670 INFO [main] h.j.p.Main [Main.java:56] categories.txt was successfully read
2021-12-17 16:12:20,673 INFO [main] h.j.p.Main [Main.java:67] items.txt was successfully read
2021-12-17 16:12:20,691 INFO [main] h.j.p.Main [Main.java:90] factories.txt was successfully read
2021-12-17 16:12:20,694 INFO [main] h.j.p.Main [Main.java:113] stores.txt was successfully read
2021-12-17 16:12:38,098 INFO [main] h.j.p.Main [Main.java:45] 
-------------------- Application started --------------------

2021-12-17 16:12:38,102 INFO [main] h.j.p.Main [Main.java:56] categories.txt was successfully read
2021-12-17 16:12:38,105 INFO [main] h.j.p.Main [Main.java:67] items.txt was successfully read
2021-12-17 16:12:38,122 INFO [main] h.j.p.Main [Main.java:90] factories.txt was successfully read
2021-12-17 16:12:38,125 INFO [main] h.j.p.Main [Main.java:113] stores.txt was successfully read
2021-12-17 16:12:51,800 INFO [main] h.j.p.Main [Main.java:45] 
-------------------- Application started --------------------

2021-12-17 16:12:51,806 INFO [main] h.j.p.Main [Main.java:56] categories.txt was successfully read
2021-12-17 16:12:51,809 INFO [main] h.j.p.Main [Main.java:67] items.txt was successfully read
2021-12-17 16:12:51,827 INFO [main] h.j.p.Main [Main.java:90] factories.txt was successfully read
2021-12-17 16:12:51,830 INFO [main] h.j.p.Main [Main.java:113] stores.txt was successfully read
2021-12-17 16:13:51,260 INFO [main] h.j.p.Main [Main.java:45] 
-------------------- Application started --------------------

2021-12-17 16:13:51,264 INFO [main] h.j.p.Main [Main.java:56] categories.txt was successfully read
2021-12-17 16:13:51,267 INFO [main] h.j.p.Main [Main.java:67] items.txt was successfully read
2021-12-17 16:13:51,286 INFO [main] h.j.p.Main [Main.java:90] factories.txt was successfully read
2021-12-17 16:13:51,290 INFO [main] h.j.p.Main [Main.java:113] stores.txt was successfully read
2021-12-17 16:14:42,297 INFO [main] h.j.p.Main [Main.java:44] 
-------------------- Application started --------------------

2021-12-17 16:14:42,302 INFO [main] h.j.p.Main [Main.java:55] categories.txt was successfully read
2021-12-17 16:14:42,305 INFO [main] h.j.p.Main [Main.java:66] items.txt was successfully read
2021-12-17 16:14:42,323 INFO [main] h.j.p.Main [Main.java:89] factories.txt was successfully read
2021-12-17 16:14:42,326 INFO [main] h.j.p.Main [Main.java:112] stores.txt was successfully read
2021-12-17 16:15:03,407 INFO [main] h.j.p.Main [Main.java:44] 
-------------------- Application started --------------------

2021-12-17 16:15:03,411 INFO [main] h.j.p.Main [Main.java:55] categories.txt was successfully read
2021-12-17 16:15:03,414 INFO [main] h.j.p.Main [Main.java:66] items.txt was successfully read
2021-12-17 16:15:03,432 INFO [main] h.j.p.Main [Main.java:89] factories.txt was successfully read
2021-12-17 16:15:03,436 INFO [main] h.j.p.Main [Main.java:112] stores.txt was successfully read
2021-12-17 16:15:26,498 INFO [main] h.j.p.Main [Main.java:45] 
-------------------- Application started --------------------

2021-12-17 16:15:26,503 INFO [main] h.j.p.Main [Main.java:56] categories.txt was successfully read
2021-12-17 16:15:26,508 INFO [main] h.j.p.Main [Main.java:67] items.txt was successfully read
2021-12-17 16:15:26,526 INFO [main] h.j.p.Main [Main.java:90] factories.txt was successfully read
2021-12-17 16:15:26,530 INFO [main] h.j.p.Main [Main.java:113] stores.txt was successfully read
2021-12-17 16:16:22,831 INFO [main] h.j.p.Main [Main.java:45] 
-------------------- Application started --------------------

2021-12-17 16:16:22,835 INFO [main] h.j.p.Main [Main.java:56] categories.txt was successfully read
2021-12-17 16:16:22,839 INFO [main] h.j.p.Main [Main.java:67] items.txt was successfully read
2021-12-17 16:16:22,857 INFO [main] h.j.p.Main [Main.java:90] factories.txt was successfully read
2021-12-17 16:16:22,861 INFO [main] h.j.p.Main [Main.java:113] stores.txt was successfully read
2021-12-17 16:18:05,581 INFO [main] h.j.p.Main [Main.java:45] 
-------------------- Application started --------------------

2021-12-17 16:18:05,586 INFO [main] h.j.p.Main [Main.java:56] categories.txt was successfully read
2021-12-17 16:18:05,590 INFO [main] h.j.p.Main [Main.java:67] items.txt was successfully read
2021-12-17 16:18:05,607 INFO [main] h.j.p.Main [Main.java:90] factories.txt was successfully read
2021-12-17 16:18:05,610 INFO [main] h.j.p.Main [Main.java:113] stores.txt was successfully read
2021-12-17 16:18:56,342 INFO [main] h.j.p.Main [Main.java:43] 
-------------------- Application started --------------------

2021-12-17 16:18:56,346 INFO [main] h.j.p.Main [Main.java:54] categories.txt was successfully read
2021-12-17 16:18:56,350 INFO [main] h.j.p.Main [Main.java:65] items.txt was successfully read
2021-12-17 16:18:56,367 INFO [main] h.j.p.Main [Main.java:88] factories.txt was successfully read
2021-12-17 16:18:56,370 INFO [main] h.j.p.Main [Main.java:111] stores.txt was successfully read
2021-12-17 16:19:34,000 INFO [main] h.j.p.Main [Main.java:43] 
-------------------- Application started --------------------

2021-12-17 16:19:34,005 INFO [main] h.j.p.Main [Main.java:54] categories.txt was successfully read
2021-12-17 16:19:34,008 INFO [main] h.j.p.Main [Main.java:65] items.txt was successfully read
2021-12-17 16:19:34,025 INFO [main] h.j.p.Main [Main.java:88] factories.txt was successfully read
2021-12-17 16:19:34,028 INFO [main] h.j.p.Main [Main.java:111] stores.txt was successfully read
2021-12-17 16:19:59,615 INFO [main] h.j.p.Main [Main.java:43] 
-------------------- Application started --------------------

2021-12-17 16:19:59,619 INFO [main] h.j.p.Main [Main.java:54] categories.txt was successfully read
2021-12-17 16:19:59,622 INFO [main] h.j.p.Main [Main.java:65] items.txt was successfully read
2021-12-17 16:19:59,640 INFO [main] h.j.p.Main [Main.java:88] factories.txt was successfully read
2021-12-17 16:19:59,643 INFO [main] h.j.p.Main [Main.java:111] stores.txt was successfully read
2021-12-17 16:20:39,693 INFO [main] h.j.p.Main [Main.java:45] 
-------------------- Application started --------------------

2021-12-17 16:20:39,697 INFO [main] h.j.p.Main [Main.java:56] categories.txt was successfully read
2021-12-17 16:20:39,701 INFO [main] h.j.p.Main [Main.java:67] items.txt was successfully read
2021-12-17 16:20:39,717 INFO [main] h.j.p.Main [Main.java:90] factories.txt was successfully read
2021-12-17 16:20:39,721 INFO [main] h.j.p.Main [Main.java:113] stores.txt was successfully read
2021-12-17 16:21:00,083 INFO [main] h.j.p.Main [Main.java:45] 
-------------------- Application started --------------------

2021-12-17 16:21:00,087 INFO [main] h.j.p.Main [Main.java:56] categories.txt was successfully read
2021-12-17 16:21:00,091 INFO [main] h.j.p.Main [Main.java:67] items.txt was successfully read
2021-12-17 16:21:00,109 INFO [main] h.j.p.Main [Main.java:90] factories.txt was successfully read
2021-12-17 16:21:00,112 INFO [main] h.j.p.Main [Main.java:113] stores.txt was successfully read
2021-12-17 16:21:14,325 INFO [main] h.j.p.Main [Main.java:45] 
-------------------- Application started --------------------

2021-12-17 16:21:14,329 INFO [main] h.j.p.Main [Main.java:56] categories.txt was successfully read
2021-12-17 16:21:14,332 INFO [main] h.j.p.Main [Main.java:67] items.txt was successfully read
2021-12-17 16:21:14,349 INFO [main] h.j.p.Main [Main.java:90] factories.txt was successfully read
2021-12-17 16:21:14,353 INFO [main] h.j.p.Main [Main.java:113] stores.txt was successfully read
2021-12-17 16:21:58,172 INFO [main] h.j.p.Main [Main.java:45] 
-------------------- Application started --------------------

2021-12-17 16:21:58,176 INFO [main] h.j.p.Main [Main.java:56] categories.txt was successfully read
2021-12-17 16:21:58,179 INFO [main] h.j.p.Main [Main.java:67] items.txt was successfully read
2021-12-17 16:21:58,196 INFO [main] h.j.p.Main [Main.java:90] factories.txt was successfully read
2021-12-17 16:21:58,199 INFO [main] h.j.p.Main [Main.java:113] stores.txt was successfully read
2021-12-17 16:22:18,919 INFO [main] h.j.p.Main [Main.java:45] 
-------------------- Application started --------------------

2021-12-17 16:22:18,927 INFO [main] h.j.p.Main [Main.java:56] categories.txt was successfully read
2021-12-17 16:22:18,930 INFO [main] h.j.p.Main [Main.java:67] items.txt was successfully read
2021-12-17 16:22:18,948 INFO [main] h.j.p.Main [Main.java:90] factories.txt was successfully read
2021-12-17 16:22:18,951 INFO [main] h.j.p.Main [Main.java:113] stores.txt was successfully read
2021-12-17 16:22:59,667 INFO [main] h.j.p.Main [Main.java:45] 
-------------------- Application started --------------------

2021-12-17 16:22:59,671 INFO [main] h.j.p.Main [Main.java:56] categories.txt was successfully read
2021-12-17 16:22:59,674 INFO [main] h.j.p.Main [Main.java:67] items.txt was successfully read
2021-12-17 16:22:59,691 INFO [main] h.j.p.Main [Main.java:90] factories.txt was successfully read
2021-12-17 16:22:59,694 INFO [main] h.j.p.Main [Main.java:113] stores.txt was successfully read
2021-12-17 16:24:46,678 INFO [main] h.j.p.Main [Main.java:45] 
-------------------- Application started --------------------

2021-12-17 16:24:46,683 INFO [main] h.j.p.Main [Main.java:56] categories.txt was successfully read
2021-12-17 16:24:46,686 INFO [main] h.j.p.Main [Main.java:67] items.txt was successfully read
2021-12-17 16:24:46,706 INFO [main] h.j.p.Main [Main.java:90] factories.txt was successfully read
2021-12-17 16:24:46,709 INFO [main] h.j.p.Main [Main.java:113] stores.txt was successfully read
2021-12-17 16:25:09,591 INFO [main] h.j.p.Main [Main.java:45] 
-------------------- Application started --------------------

2021-12-17 16:25:09,598 INFO [main] h.j.p.Main [Main.java:56] categories.txt was successfully read
2021-12-17 16:25:09,602 INFO [main] h.j.p.Main [Main.java:67] items.txt was successfully read
2021-12-17 16:25:09,619 INFO [main] h.j.p.Main [Main.java:90] factories.txt was successfully read
2021-12-17 16:25:09,623 INFO [main] h.j.p.Main [Main.java:113] stores.txt was successfully read
2021-12-17 16:25:19,368 INFO [main] h.j.p.Main [Main.java:45] 
-------------------- Application started --------------------

2021-12-17 16:25:19,372 INFO [main] h.j.p.Main [Main.java:56] categories.txt was successfully read
2021-12-17 16:25:19,375 INFO [main] h.j.p.Main [Main.java:67] items.txt was successfully read
2021-12-17 16:25:19,393 INFO [main] h.j.p.Main [Main.java:90] factories.txt was successfully read
2021-12-17 16:25:19,397 INFO [main] h.j.p.Main [Main.java:113] stores.txt was successfully read
2021-12-17 16:25:27,092 INFO [main] h.j.p.Main [Main.java:45] 
-------------------- Application started --------------------

2021-12-17 16:25:27,096 INFO [main] h.j.p.Main [Main.java:56] categories.txt was successfully read
2021-12-17 16:25:27,099 INFO [main] h.j.p.Main [Main.java:67] items.txt was successfully read
2021-12-17 16:25:27,115 INFO [main] h.j.p.Main [Main.java:90] factories.txt was successfully read
2021-12-17 16:25:27,119 INFO [main] h.j.p.Main [Main.java:113] stores.txt was successfully read
2021-12-17 16:25:34,980 INFO [main] h.j.p.Main [Main.java:45] 
-------------------- Application started --------------------

2021-12-17 16:25:34,984 INFO [main] h.j.p.Main [Main.java:56] categories.txt was successfully read
2021-12-17 16:25:34,988 INFO [main] h.j.p.Main [Main.java:67] items.txt was successfully read
2021-12-17 16:25:35,005 INFO [main] h.j.p.Main [Main.java:90] factories.txt was successfully read
2021-12-17 16:25:35,008 INFO [main] h.j.p.Main [Main.java:113] stores.txt was successfully read
2021-12-17 16:25:42,341 INFO [main] h.j.p.Main [Main.java:45] 
-------------------- Application started --------------------

2021-12-17 16:25:42,345 INFO [main] h.j.p.Main [Main.java:56] categories.txt was successfully read
2021-12-17 16:25:42,348 INFO [main] h.j.p.Main [Main.java:67] items.txt was successfully read
2021-12-17 16:25:42,366 INFO [main] h.j.p.Main [Main.java:90] factories.txt was successfully read
2021-12-17 16:25:42,369 INFO [main] h.j.p.Main [Main.java:113] stores.txt was successfully read
2021-12-17 16:25:50,205 INFO [main] h.j.p.Main [Main.java:45] 
-------------------- Application started --------------------

2021-12-17 16:25:50,210 INFO [main] h.j.p.Main [Main.java:56] categories.txt was successfully read
2021-12-17 16:25:50,213 INFO [main] h.j.p.Main [Main.java:67] items.txt was successfully read
2021-12-17 16:25:50,230 INFO [main] h.j.p.Main [Main.java:90] factories.txt was successfully read
2021-12-17 16:25:50,233 INFO [main] h.j.p.Main [Main.java:113] stores.txt was successfully read
2021-12-17 16:26:05,814 INFO [main] h.j.p.Main [Main.java:45] 
-------------------- Application started --------------------

2021-12-17 16:26:05,819 INFO [main] h.j.p.Main [Main.java:56] categories.txt was successfully read
2021-12-17 16:26:05,823 INFO [main] h.j.p.Main [Main.java:67] items.txt was successfully read
2021-12-17 16:26:05,841 INFO [main] h.j.p.Main [Main.java:90] factories.txt was successfully read
2021-12-17 16:26:05,844 INFO [main] h.j.p.Main [Main.java:113] stores.txt was successfully read
2021-12-17 16:27:44,448 INFO [main] h.j.p.Main [Main.java:45] 
-------------------- Application started --------------------

2021-12-17 16:27:44,452 INFO [main] h.j.p.Main [Main.java:56] categories.txt was successfully read
2021-12-17 16:27:44,456 INFO [main] h.j.p.Main [Main.java:67] items.txt was successfully read
2021-12-17 16:27:44,473 INFO [main] h.j.p.Main [Main.java:90] factories.txt was successfully read
2021-12-17 16:27:44,476 INFO [main] h.j.p.Main [Main.java:113] stores.txt was successfully read
2021-12-17 16:27:50,292 INFO [main] h.j.p.Main [Main.java:45] 
-------------------- Application started --------------------

2021-12-17 16:27:50,296 INFO [main] h.j.p.Main [Main.java:56] categories.txt was successfully read
2021-12-17 16:27:50,299 INFO [main] h.j.p.Main [Main.java:67] items.txt was successfully read
2021-12-17 16:27:50,317 INFO [main] h.j.p.Main [Main.java:90] factories.txt was successfully read
2021-12-17 16:27:50,321 INFO [main] h.j.p.Main [Main.java:113] stores.txt was successfully read
2021-12-17 16:28:03,161 INFO [main] h.j.p.Main [Main.java:45] 
-------------------- Application started --------------------

2021-12-17 16:28:03,165 INFO [main] h.j.p.Main [Main.java:56] categories.txt was successfully read
2021-12-17 16:28:03,168 INFO [main] h.j.p.Main [Main.java:67] items.txt was successfully read
2021-12-17 16:28:03,185 INFO [main] h.j.p.Main [Main.java:90] factories.txt was successfully read
2021-12-17 16:28:03,189 INFO [main] h.j.p.Main [Main.java:113] stores.txt was successfully read
2021-12-17 16:28:28,752 INFO [main] h.j.p.Main [Main.java:45] 
-------------------- Application started --------------------

2021-12-17 16:28:28,756 INFO [main] h.j.p.Main [Main.java:56] categories.txt was successfully read
2021-12-17 16:28:28,759 INFO [main] h.j.p.Main [Main.java:67] items.txt was successfully read
2021-12-17 16:28:28,779 INFO [main] h.j.p.Main [Main.java:90] factories.txt was successfully read
2021-12-17 16:28:28,782 INFO [main] h.j.p.Main [Main.java:113] stores.txt was successfully read
2021-12-17 16:28:56,933 INFO [main] h.j.p.Main [Main.java:45] 
-------------------- Application started --------------------

2021-12-17 16:28:56,937 INFO [main] h.j.p.Main [Main.java:56] categories.txt was successfully read
2021-12-17 16:28:56,941 INFO [main] h.j.p.Main [Main.java:67] items.txt was successfully read
2021-12-17 16:28:56,959 INFO [main] h.j.p.Main [Main.java:90] factories.txt was successfully read
2021-12-17 16:28:56,962 INFO [main] h.j.p.Main [Main.java:113] stores.txt was successfully read
2021-12-17 16:29:06,453 INFO [main] h.j.p.Main [Main.java:43] 
-------------------- Application started --------------------

2021-12-17 16:29:06,458 INFO [main] h.j.p.Main [Main.java:54] categories.txt was successfully read
2021-12-17 16:29:06,461 INFO [main] h.j.p.Main [Main.java:65] items.txt was successfully read
2021-12-17 16:29:06,478 INFO [main] h.j.p.Main [Main.java:88] factories.txt was successfully read
2021-12-17 16:29:06,481 INFO [main] h.j.p.Main [Main.java:111] stores.txt was successfully read
2021-12-17 16:30:03,671 INFO [main] h.j.p.Main [Main.java:43] 
-------------------- Application started --------------------

2021-12-17 16:30:03,674 INFO [main] h.j.p.Main [Main.java:54] categories.txt was successfully read
2021-12-17 16:30:03,678 INFO [main] h.j.p.Main [Main.java:65] items.txt was successfully read
2021-12-17 16:30:03,695 INFO [main] h.j.p.Main [Main.java:88] factories.txt was successfully read
2021-12-17 16:30:03,698 INFO [main] h.j.p.Main [Main.java:111] stores.txt was successfully read
2021-12-17 16:30:31,392 INFO [main] h.j.p.Main [Main.java:43] 
-------------------- Application started --------------------

2021-12-17 16:30:31,396 INFO [main] h.j.p.Main [Main.java:54] categories.txt was successfully read
2021-12-17 16:30:31,399 INFO [main] h.j.p.Main [Main.java:65] items.txt was successfully read
2021-12-17 16:30:31,417 INFO [main] h.j.p.Main [Main.java:88] factories.txt was successfully read
2021-12-17 16:30:31,421 INFO [main] h.j.p.Main [Main.java:111] stores.txt was successfully read
2021-12-17 16:30:53,512 INFO [main] h.j.p.Main [Main.java:43] 
-------------------- Application started --------------------

2021-12-17 16:30:53,518 INFO [main] h.j.p.Main [Main.java:54] categories.txt was successfully read
2021-12-17 16:30:53,521 INFO [main] h.j.p.Main [Main.java:65] items.txt was successfully read
2021-12-17 16:30:53,537 INFO [main] h.j.p.Main [Main.java:88] factories.txt was successfully read
2021-12-17 16:30:53,540 INFO [main] h.j.p.Main [Main.java:111] stores.txt was successfully read
2021-12-17 16:30:59,746 INFO [main] h.j.p.Main [Main.java:43] 
-------------------- Application started --------------------

2021-12-17 16:30:59,750 INFO [main] h.j.p.Main [Main.java:54] categories.txt was successfully read
2021-12-17 16:30:59,753 INFO [main] h.j.p.Main [Main.java:65] items.txt was successfully read
2021-12-17 16:30:59,771 INFO [main] h.j.p.Main [Main.java:88] factories.txt was successfully read
2021-12-17 16:30:59,774 INFO [main] h.j.p.Main [Main.java:111] stores.txt was successfully read
2021-12-17 16:31:34,985 INFO [main] h.j.p.Main [Main.java:43] 
-------------------- Application started --------------------

2021-12-17 16:31:34,990 INFO [main] h.j.p.Main [Main.java:54] categories.txt was successfully read
2021-12-17 16:31:34,994 INFO [main] h.j.p.Main [Main.java:65] items.txt was successfully read
2021-12-17 16:31:35,011 INFO [main] h.j.p.Main [Main.java:88] factories.txt was successfully read
2021-12-17 16:31:35,014 INFO [main] h.j.p.Main [Main.java:111] stores.txt was successfully read
2021-12-17 16:31:39,215 INFO [main] h.j.p.Main [Main.java:43] 
-------------------- Application started --------------------

2021-12-17 16:31:39,219 INFO [main] h.j.p.Main [Main.java:54] categories.txt was successfully read
2021-12-17 16:31:39,223 INFO [main] h.j.p.Main [Main.java:65] items.txt was successfully read
2021-12-17 16:31:39,240 INFO [main] h.j.p.Main [Main.java:88] factories.txt was successfully read
2021-12-17 16:31:39,244 INFO [main] h.j.p.Main [Main.java:111] stores.txt was successfully read
2021-12-17 16:33:16,303 INFO [main] h.j.p.Main [Main.java:43] 
-------------------- Application started --------------------

2021-12-17 16:33:16,307 INFO [main] h.j.p.Main [Main.java:54] categories.txt was successfully read
2021-12-17 16:33:16,311 INFO [main] h.j.p.Main [Main.java:65] items.txt was successfully read
2021-12-17 16:33:16,328 INFO [main] h.j.p.Main [Main.java:88] factories.txt was successfully read
2021-12-17 16:33:16,331 INFO [main] h.j.p.Main [Main.java:111] stores.txt was successfully read
2021-12-17 16:34:15,547 INFO [main] h.j.p.Main [Main.java:43] 
-------------------- Application started --------------------

2021-12-17 16:34:15,551 INFO [main] h.j.p.Main [Main.java:54] categories.txt was successfully read
2021-12-17 16:34:15,555 INFO [main] h.j.p.Main [Main.java:65] items.txt was successfully read
2021-12-17 16:34:15,572 INFO [main] h.j.p.Main [Main.java:88] factories.txt was successfully read
2021-12-17 16:34:15,575 INFO [main] h.j.p.Main [Main.java:111] stores.txt was successfully read
2021-12-17 16:34:38,809 INFO [main] h.j.p.Main [Main.java:43] 
-------------------- Application started --------------------

2021-12-17 16:34:38,813 INFO [main] h.j.p.Main [Main.java:54] categories.txt was successfully read
2021-12-17 16:34:38,816 INFO [main] h.j.p.Main [Main.java:65] items.txt was successfully read
2021-12-17 16:34:38,833 INFO [main] h.j.p.Main [Main.java:88] factories.txt was successfully read
2021-12-17 16:34:38,836 INFO [main] h.j.p.Main [Main.java:111] stores.txt was successfully read
2021-12-17 16:35:17,314 INFO [main] h.j.p.Main [Main.java:43] 
-------------------- Application started --------------------

2021-12-17 16:35:17,319 INFO [main] h.j.p.Main [Main.java:54] categories.txt was successfully read
2021-12-17 16:35:17,323 INFO [main] h.j.p.Main [Main.java:65] items.txt was successfully read
2021-12-17 16:35:17,339 INFO [main] h.j.p.Main [Main.java:88] factories.txt was successfully read
2021-12-17 16:35:17,343 INFO [main] h.j.p.Main [Main.java:111] stores.txt was successfully read
2021-12-17 16:35:52,233 INFO [main] h.j.p.Main [Main.java:45] 
-------------------- Application started --------------------

2021-12-17 16:35:52,237 INFO [main] h.j.p.Main [Main.java:56] categories.txt was successfully read
2021-12-17 16:35:52,240 INFO [main] h.j.p.Main [Main.java:67] items.txt was successfully read
2021-12-17 16:35:52,258 INFO [main] h.j.p.Main [Main.java:90] factories.txt was successfully read
2021-12-17 16:35:52,261 INFO [main] h.j.p.Main [Main.java:113] stores.txt was successfully read
2021-12-17 16:35:59,020 INFO [main] h.j.p.Main [Main.java:45] 
-------------------- Application started --------------------

2021-12-17 16:35:59,025 INFO [main] h.j.p.Main [Main.java:56] categories.txt was successfully read
2021-12-17 16:35:59,029 INFO [main] h.j.p.Main [Main.java:67] items.txt was successfully read
2021-12-17 16:35:59,046 INFO [main] h.j.p.Main [Main.java:90] factories.txt was successfully read
2021-12-17 16:35:59,049 INFO [main] h.j.p.Main [Main.java:113] stores.txt was successfully read
2021-12-17 16:36:07,726 INFO [main] h.j.p.Main [Main.java:45] 
-------------------- Application started --------------------

2021-12-17 16:36:07,730 INFO [main] h.j.p.Main [Main.java:56] categories.txt was successfully read
2021-12-17 16:36:07,734 INFO [main] h.j.p.Main [Main.java:67] items.txt was successfully read
2021-12-17 16:36:07,750 INFO [main] h.j.p.Main [Main.java:90] factories.txt was successfully read
2021-12-17 16:36:07,754 INFO [main] h.j.p.Main [Main.java:113] stores.txt was successfully read
2021-12-17 16:36:20,046 INFO [main] h.j.p.Main [Main.java:45] 
-------------------- Application started --------------------

2021-12-17 16:36:20,049 INFO [main] h.j.p.Main [Main.java:56] categories.txt was successfully read
2021-12-17 16:36:20,053 INFO [main] h.j.p.Main [Main.java:67] items.txt was successfully read
2021-12-17 16:36:20,070 INFO [main] h.j.p.Main [Main.java:90] factories.txt was successfully read
2021-12-17 16:36:20,073 INFO [main] h.j.p.Main [Main.java:113] stores.txt was successfully read
2021-12-17 16:36:30,278 INFO [main] h.j.p.Main [Main.java:45] 
-------------------- Application started --------------------

2021-12-17 16:36:30,282 INFO [main] h.j.p.Main [Main.java:56] categories.txt was successfully read
2021-12-17 16:36:30,285 INFO [main] h.j.p.Main [Main.java:67] items.txt was successfully read
2021-12-17 16:36:30,302 INFO [main] h.j.p.Main [Main.java:90] factories.txt was successfully read
2021-12-17 16:36:30,306 INFO [main] h.j.p.Main [Main.java:113] stores.txt was successfully read
2021-12-17 16:36:37,984 INFO [main] h.j.p.Main [Main.java:45] 
-------------------- Application started --------------------

2021-12-17 16:36:37,988 INFO [main] h.j.p.Main [Main.java:56] categories.txt was successfully read
2021-12-17 16:36:37,991 INFO [main] h.j.p.Main [Main.java:67] items.txt was successfully read
2021-12-17 16:36:38,008 INFO [main] h.j.p.Main [Main.java:90] factories.txt was successfully read
2021-12-17 16:36:38,011 INFO [main] h.j.p.Main [Main.java:113] stores.txt was successfully read
2021-12-17 16:36:51,753 INFO [main] h.j.p.Main [Main.java:45] 
-------------------- Application started --------------------

2021-12-17 16:36:51,757 INFO [main] h.j.p.Main [Main.java:56] categories.txt was successfully read
2021-12-17 16:36:51,760 INFO [main] h.j.p.Main [Main.java:67] items.txt was successfully read
2021-12-17 16:36:51,777 INFO [main] h.j.p.Main [Main.java:90] factories.txt was successfully read
2021-12-17 16:36:51,780 INFO [main] h.j.p.Main [Main.java:113] stores.txt was successfully read
2021-12-17 16:37:01,178 INFO [main] h.j.p.Main [Main.java:45] 
-------------------- Application started --------------------

2021-12-17 16:37:01,181 INFO [main] h.j.p.Main [Main.java:56] categories.txt was successfully read
2021-12-17 16:37:01,185 INFO [main] h.j.p.Main [Main.java:67] items.txt was successfully read
2021-12-17 16:37:01,204 INFO [main] h.j.p.Main [Main.java:90] factories.txt was successfully read
2021-12-17 16:37:01,207 INFO [main] h.j.p.Main [Main.java:113] stores.txt was successfully read
2021-12-17 16:37:17,818 INFO [main] h.j.p.Main [Main.java:45] 
-------------------- Application started --------------------

2021-12-17 16:37:17,822 INFO [main] h.j.p.Main [Main.java:56] categories.txt was successfully read
2021-12-17 16:37:17,826 INFO [main] h.j.p.Main [Main.java:67] items.txt was successfully read
2021-12-17 16:37:17,843 INFO [main] h.j.p.Main [Main.java:90] factories.txt was successfully read
2021-12-17 16:37:17,847 INFO [main] h.j.p.Main [Main.java:113] stores.txt was successfully read
2021-12-17 16:37:51,556 INFO [main] h.j.p.Main [Main.java:44] 
-------------------- Application started --------------------

2021-12-17 16:37:51,560 INFO [main] h.j.p.Main [Main.java:55] categories.txt was successfully read
2021-12-17 16:37:51,564 INFO [main] h.j.p.Main [Main.java:66] items.txt was successfully read
2021-12-17 16:37:51,581 INFO [main] h.j.p.Main [Main.java:89] factories.txt was successfully read
2021-12-17 16:37:51,585 INFO [main] h.j.p.Main [Main.java:112] stores.txt was successfully read
2021-12-17 16:38:05,674 INFO [main] h.j.p.Main [Main.java:45] 
-------------------- Application started --------------------

2021-12-17 16:38:05,678 INFO [main] h.j.p.Main [Main.java:56] categories.txt was successfully read
2021-12-17 16:38:05,681 INFO [main] h.j.p.Main [Main.java:67] items.txt was successfully read
2021-12-17 16:38:05,700 INFO [main] h.j.p.Main [Main.java:90] factories.txt was successfully read
2021-12-17 16:38:05,703 INFO [main] h.j.p.Main [Main.java:113] stores.txt was successfully read
2021-12-17 16:38:14,100 INFO [main] h.j.p.Main [Main.java:45] 
-------------------- Application started --------------------

2021-12-17 16:38:14,106 INFO [main] h.j.p.Main [Main.java:56] categories.txt was successfully read
2021-12-17 16:38:14,109 INFO [main] h.j.p.Main [Main.java:67] items.txt was successfully read
2021-12-17 16:38:14,128 INFO [main] h.j.p.Main [Main.java:90] factories.txt was successfully read
2021-12-17 16:38:14,131 INFO [main] h.j.p.Main [Main.java:113] stores.txt was successfully read
2021-12-17 16:38:26,652 INFO [main] h.j.p.Main [Main.java:45] 
-------------------- Application started --------------------

2021-12-17 16:38:26,657 INFO [main] h.j.p.Main [Main.java:56] categories.txt was successfully read
2021-12-17 16:38:26,660 INFO [main] h.j.p.Main [Main.java:67] items.txt was successfully read
2021-12-17 16:38:26,677 INFO [main] h.j.p.Main [Main.java:90] factories.txt was successfully read
2021-12-17 16:38:26,680 INFO [main] h.j.p.Main [Main.java:113] stores.txt was successfully read
